app/build/intermediates/manifest_merge_blame_file/debug/manifest-merger-blame-debug-report.txt
1<?xml version="1.0" encoding="utf-8"?>
2<manifest xmlns:android="http://schemas.android.com/apk/res/android"
3    package="com.example.RegistrationPage"
4    android:versionCode="1"
5    android:versionName="1.0" >
6
7    <uses-sdk
8        android:minSdkVersion="18"
8-->src\main\AndroidManifest.xml
9        android:targetSdkVersion="29" />
9-->src\main\AndroidManifest.xml
10
11    <uses-feature
11-->src\main\AndroidManifest.xml:5:5-84
12        android:name="android.hardware.camera"
12-->src\main\AndroidManifest.xml:5:19-57
13        android:required="true" />
13-->src\main\AndroidManifest.xml:5:58-81
14
15    <uses-permission android:name="android.permission.READ_EXTERNAL_STORAGE" />
15-->src\main\AndroidManifest.xml:6:5-79
15-->src\main\AndroidManifest.xml:6:22-77
16    <uses-permission android:name="android.permission.WRITE_EXTERNAL_STORAGE" />
16-->src\main\AndroidManifest.xml:7:5-80
16-->src\main\AndroidManifest.xml:7:22-78
17    <uses-permission android:name="android.permission.INTERNET" />
17-->src\main\AndroidManifest.xml:8:5-66
17-->src\main\AndroidManifest.xml:8:22-64
18    <uses-permission android:name="android.permission.READ_PHONE_STATE" />
18-->src\main\AndroidManifest.xml:9:5-74
18-->src\main\AndroidManifest.xml:9:22-72
19    <uses-permission android:name="android.permission.VIBRATE" />
19-->src\main\AndroidManifest.xml:10:5-65
19-->src\main\AndroidManifest.xml:10:22-63
20    <uses-permission android:name="android.permission.RECORD_AUDIO" />
20-->src\main\AndroidManifest.xml:11:5-70
20-->src\main\AndroidManifest.xml:11:22-68
21    <uses-permission android:name="android.permission.CAMERA" />
21-->src\main\AndroidManifest.xml:12:5-64
21-->src\main\AndroidManifest.xml:12:22-62
22
23    <application
23-->src\main\AndroidManifest.xml:14:5-40:19
24        android:allowBackup="true"
24-->src\main\AndroidManifest.xml:15:9-35
25        android:appComponentFactory="androidx.core.app.CoreComponentFactory"
25-->[androidx.core:core:1.1.0] AndroidManifest.xml:24:18-86
26        android:debuggable="true"
27        android:icon="@mipmap/ic_launcher"
27-->src\main\AndroidManifest.xml:16:9-43
28        android:label="@string/app_name"
28-->src\main\AndroidManifest.xml:17:9-41
29        android:roundIcon="@mipmap/ic_launcher_round"
29-->src\main\AndroidManifest.xml:18:9-54
30        android:supportsRtl="true"
30-->src\main\AndroidManifest.xml:19:9-35
31        android:testOnly="true"
32        android:theme="@style/AppTheme" >
32-->src\main\AndroidManifest.xml:20:9-40
33        <activity android:name="com.example.RegistrationPage.ImageDisplay" />
33-->src\main\AndroidManifest.xml:22:9-50
33-->src\main\AndroidManifest.xml:22:19-47
34        <activity android:name="com.example.RegistrationPage.MainActivity" >
34-->src\main\AndroidManifest.xml:23:9-28:20
34-->src\main\AndroidManifest.xml:23:19-47
35            <intent-filter>
35-->src\main\AndroidManifest.xml:24:13-27:29
36                <action android:name="android.intent.action.MAIN" />
36-->src\main\AndroidManifest.xml:25:17-69
36-->src\main\AndroidManifest.xml:25:25-66
37
38                <category android:name="android.intent.category.LAUNCHER" />
38-->src\main\AndroidManifest.xml:26:17-77
38-->src\main\AndroidManifest.xml:26:27-74
39            </intent-filter>
40        </activity>
41        <activity android:name="com.example.RegistrationPage.SignUpActivity" />
41-->src\main\AndroidManifest.xml:29:9-52
41-->src\main\AndroidManifest.xml:29:19-49
42        <activity android:name="com.example.RegistrationPage.App_gallery" />
42-->src\main\AndroidManifest.xml:30:9-49
42-->src\main\AndroidManifest.xml:30:19-46
43
44        <provider
44-->src\main\AndroidManifest.xml:31:9-39:20
45            android:name="androidx.core.content.FileProvider"
45-->src\main\AndroidManifest.xml:32:13-62
46            android:authorities="com.example.android.fileprovider"
46-->src\main\AndroidManifest.xml:33:13-67
47            android:exported="false"
47-->src\main\AndroidManifest.xml:34:13-37
48            android:grantUriPermissions="true" >
48-->src\main\AndroidManifest.xml:35:13-47
49            <meta-data
49-->src\main\AndroidManifest.xml:36:13-38:64
50                android:name="android.support.FILE_PROVIDER_PATHS"
50-->src\main\AndroidManifest.xml:37:17-67
51                android:resource="@xml/file_paths" />
51-->src\main\AndroidManifest.xml:38:17-51
52        </provider>
53    </application>
54
55</manifest>